
> yeto-platform@1.0.0 typecheck /home/ubuntu/yeto-platform
> tsc --noEmit

client/src/components/EvidencePackButton.test.tsx(11,52): error TS2307: Cannot find module '@testing-library/react' or its corresponding type declarations.
client/src/components/EvidencePackButton.test.tsx(52,64): error TS2339: Property 'toBeInTheDocument' does not exist on type 'Assertion<any>'.
client/src/components/EvidencePackButton.test.tsx(65,39): error TS2339: Property 'toBeInTheDocument' does not exist on type 'Assertion<any>'.
client/src/components/EvidencePackButton.test.tsx(77,46): error TS2339: Property 'toBeInTheDocument' does not exist on type 'Assertion<any>'.
client/src/components/EvidencePackButton.test.tsx(89,66): error TS2339: Property 'toBeInTheDocument' does not exist on type 'Assertion<any>'.
client/src/components/EvidencePackButton.test.tsx(122,53): error TS2339: Property 'toBeInTheDocument' does not exist on type 'Assertion<any>'.
client/src/components/EvidencePackButton.test.tsx(123,41): error TS2339: Property 'toBeInTheDocument' does not exist on type 'Assertion<any>'.
client/src/components/EvidencePackButton.test.tsx(131,37): error TS2339: Property 'toBeInTheDocument' does not exist on type 'Assertion<any>'.
client/src/components/EvidencePackButton.test.tsx(148,59): error TS2339: Property 'toBeInTheDocument' does not exist on type 'Assertion<any>'.
client/src/components/EvidencePackButton.test.tsx(155,45): error TS2339: Property 'toBeInTheDocument' does not exist on type 'Assertion<any>'.
client/src/components/EvidencePackButton.test.tsx(181,42): error TS2339: Property 'toBeInTheDocument' does not exist on type 'Assertion<any>'.
client/src/components/EvidencePackButton.test.tsx(202,44): error TS2339: Property 'toBeInTheDocument' does not exist on type 'Assertion<any>'.
client/src/components/RealDataDashboard.tsx(15,3): error TS2305: Module '"@/hooks/useRealData"' has no exported member 'useKeyIndicators'.
client/src/components/RealDataDashboard.tsx(16,3): error TS2305: Module '"@/hooks/useRealData"' has no exported member 'useReliefWebReports'.
client/src/components/RealDataDashboard.tsx(17,3): error TS2305: Module '"@/hooks/useRealData"' has no exported member 'useDataSourceStatus'.
client/src/components/RealDataDashboard.tsx(18,3): error TS2305: Module '"@/hooks/useRealData"' has no exported member 'formatIndicatorValue'.
client/src/components/RealDataDashboard.tsx(19,3): error TS2305: Module '"@/hooks/useRealData"' has no exported member 'getConfidenceColor'.
client/src/components/RealDataDashboard.tsx(20,3): error TS2305: Module '"@/hooks/useRealData"' has no exported member 'getConfidenceLabel'.
client/src/components/RealDataDashboard.tsx(97,32): error TS7006: Parameter 'indicator' implicitly has an 'any' type.
client/src/components/sectors/BankingIntelligenceWall.tsx(676,11): error TS2322: Type 'string' is not assignable to type 'number'.
client/src/components/sectors/EnergyIntelligenceWall.tsx(151,43): error TS2322: Type 'number' is not assignable to type 'string'.
client/src/components/sectors/EnergyIntelligenceWall.tsx(262,39): error TS2322: Type 'number' is not assignable to type 'string'.
client/src/components/sectors/EnergyIntelligenceWall.tsx(509,11): error TS2322: Type 'string' is not assignable to type 'number'.
client/src/components/sectors/FoodSecurityIntelligenceWall.tsx(136,43): error TS2322: Type 'number' is not assignable to type 'string'.
client/src/components/sectors/FoodSecurityIntelligenceWall.tsx(248,39): error TS2322: Type 'number' is not assignable to type 'string'.
client/src/components/sectors/FoodSecurityIntelligenceWall.tsx(495,11): error TS2322: Type 'string' is not assignable to type 'number'.
client/src/components/sectors/HumanitarianIntelligenceWall.tsx(682,11): error TS2322: Type 'string' is not assignable to type 'number'.
client/src/components/sectors/LaborMarketIntelligenceWall.tsx(138,43): error TS2322: Type 'number' is not assignable to type 'string'.
client/src/components/sectors/LaborMarketIntelligenceWall.tsx(252,39): error TS2322: Type 'number' is not assignable to type 'string'.
client/src/components/sectors/LaborMarketIntelligenceWall.tsx(499,11): error TS2322: Type 'string' is not assignable to type 'number'.
client/src/components/sectors/MacroIntelligenceWall.tsx(179,25): error TS2322: Type 'number' is not assignable to type 'string'.
client/src/components/sectors/MacroIntelligenceWall.tsx(298,21): error TS2322: Type 'number' is not assignable to type 'string'.
client/src/components/sectors/MacroIntelligenceWall.tsx(444,25): error TS2322: Type 'number' is not assignable to type 'string'.
client/src/components/sectors/MacroIntelligenceWall.tsx(679,29): error TS2322: Type 'number' is not assignable to type 'string'.
client/src/components/sectors/MacroIntelligenceWall.tsx(761,11): error TS2322: Type 'string' is not assignable to type 'number'.
client/src/components/sectors/PricesIntelligenceWall.tsx(207,35): error TS2322: Type '{ size: string; }' is not assignable to type 'IntrinsicAttributes & ContradictionBadgeProps'.
  Property 'size' does not exist on type 'IntrinsicAttributes & ContradictionBadgeProps'.
client/src/components/sectors/PricesIntelligenceWall.tsx(230,37): error TS2322: Type 'number' is not assignable to type 'string'.
client/src/components/sectors/PricesIntelligenceWall.tsx(490,11): error TS2339: Property 'isArabic' does not exist on type 'LanguageContextType'.
client/src/components/sectors/PricesIntelligenceWall.tsx(672,13): error TS2322: Type 'string' is not assignable to type 'number'.
client/src/components/sectors/TradeIntelligenceWall.tsx(661,11): error TS2322: Type 'string' is not assignable to type 'number'.
client/src/pages/CorporateRegistry.tsx(91,65): error TS2339: Property 'series' does not exist on type 'CreateTRPCReactBase<BuiltRouter<{ ctx: TrpcContext; meta: object; errorShape: DefaultErrorShape; transformer: true; }, DecorateCreateRouterOptions<{ system: BuiltRouter<{ ctx: TrpcContext; meta: object; errorShape: DefaultErrorShape; transformer: true; }, DecorateCreateRouterOptions<...>>; ... 61 more ...; audit: Bu...'.
client/src/pages/CorporateRegistry.tsx(103,63): error TS2339: Property 'series' does not exist on type 'CreateTRPCReactBase<BuiltRouter<{ ctx: TrpcContext; meta: object; errorShape: DefaultErrorShape; transformer: true; }, DecorateCreateRouterOptions<{ system: BuiltRouter<{ ctx: TrpcContext; meta: object; errorShape: DefaultErrorShape; transformer: true; }, DecorateCreateRouterOptions<...>>; ... 61 more ...; audit: Bu...'.
client/src/pages/CorporateRegistry.tsx(393,56): error TS2322: Type '{ pageKey: string; className: string; }' is not assignable to type 'IntrinsicAttributes & SourcesUsedPanelProps'.
  Property 'className' does not exist on type 'IntrinsicAttributes & SourcesUsedPanelProps'.
client/src/pages/Entities.tsx(107,26): error TS2802: Type 'Set<any>' can only be iterated through when using the '--downlevelIteration' flag or with a '--target' of 'es2015' or higher.
client/src/pages/Entities.tsx(388,46): error TS2322: Type '{ pageKey: string; className: string; }' is not assignable to type 'IntrinsicAttributes & SourcesUsedPanelProps'.
  Property 'className' does not exist on type 'IntrinsicAttributes & SourcesUsedPanelProps'.
client/src/pages/EntityDetail.tsx(514,34): error TS2304: Cannot find name 'id'.
client/src/pages/admin/BulkClassification.tsx(227,41): error TS2339: Property 'find' does not exist on type 'QueryResult'.
  Property 'find' does not exist on type 'ResultSetHeader'.
client/src/pages/admin/BulkClassification.tsx(256,54): error TS2339: Property 'find' does not exist on type 'QueryResult'.
  Property 'find' does not exist on type 'ResultSetHeader'.
client/src/pages/admin/BulkClassification.tsx(428,42): error TS2339: Property 'map' does not exist on type 'QueryResult'.
  Property 'map' does not exist on type 'ResultSetHeader'.
client/src/pages/admin/GraphConsole.tsx(311,21): error TS2304: Cannot find name 'useToast'.
client/src/pages/admin/GraphConsole.tsx(416,21): error TS2304: Cannot find name 'useToast'.
client/src/pages/admin/GraphConsole.tsx(516,21): error TS2304: Cannot find name 'useToast'.
client/src/pages/admin/GraphConsole.tsx(583,21): error TS2304: Cannot find name 'useToast'.
drizzle/schema.ts(7764,41): error TS2349: This expression is not callable.
  Type 'MySqlColumn<{ name: "canonicalUrl"; tableName: "raw_objects"; dataType: "string"; columnType: "MySqlText"; data: string; driverParam: string; notNull: true; hasDefault: false; isPrimaryKey: false; isAutoincrement: false; ... 4 more ...; generated: undefined; }, {}, {}>' has no call signatures.
server/connectors/BaseConnector.ts(285,37): error TS2802: Type 'Map<string, BaseConnector>' can only be iterated through when using the '--downlevelIteration' flag or with a '--target' of 'es2015' or higher.
server/connectors/HumanitarianConnector.ts(567,36): error TS2339: Property 'externalId' does not exist on type 'MySqlTableWithColumns<{ name: "library_documents"; schema: undefined; columns: { id: MySqlColumn<{ name: "id"; tableName: "library_documents"; dataType: "number"; columnType: "MySqlInt"; data: number; driverParam: string | number; ... 8 more ...; generated: undefined; }, {}, {}>; ... 26 more ...; createdBy: MySqlCol...'.
server/connectors/HumanitarianConnector.ts(593,47): error TS2345: Argument of type '{ externalId: string; title: any; titleAr: null; publisher: any; publicationDate: Date; docType: string; sourceUrl: string; pdfUrl: null; sectors: string; entities: string; licenseFlag: any; status: string; metadata: string; updatedAt: Date; }' is not assignable to parameter of type '{ titleEn?: string | SQL<unknown> | undefined; retrievedAt?: Date | SQL<unknown> | undefined; docId?: string | SQL<unknown> | undefined; publisherName?: string | SQL<unknown> | undefined; ... 23 more ...; summaryIsAiGenerated?: boolean | ... 2 more ... | undefined; }'.
  Types of property 'docType' are incompatible.
    Type 'string' is not assignable to type '"other" | SQL<unknown> | "report" | "working_paper" | "policy_brief" | "thesis" | "methodology_note" | "circular" | "press_release" | "academic_paper" | "dataset_doc" | "sitrep" | ... 4 more ... | undefined'.
server/connectors/HumanitarianConnector.ts(596,43): error TS2769: No overload matches this call.
  Overload 1 of 2, '(value: { titleEn: string | SQL<unknown> | Placeholder<string, any>; retrievedAt: Date | SQL<unknown> | Placeholder<string, any>; docId: string | SQL<...> | Placeholder<...>; ... 24 more ...; summaryIsAiGenerated?: boolean | ... 3 more ... | undefined; }): MySqlInsertBase<...>', gave the following error.
    Type 'string' is not assignable to type 'number | SQL<unknown> | Placeholder<string, any> | undefined'.
  Overload 2 of 2, '(values: { titleEn: string | SQL<unknown> | Placeholder<string, any>; retrievedAt: Date | SQL<unknown> | Placeholder<string, any>; docId: string | SQL<...> | Placeholder<...>; ... 24 more ...; summaryIsAiGenerated?: boolean | ... 3 more ... | undefined; }[]): MySqlInsertBase<...>', gave the following error.
    Object literal may only specify known properties, and 'createdAt' does not exist in type '{ titleEn: string | SQL<unknown> | Placeholder<string, any>; retrievedAt: Date | SQL<unknown> | Placeholder<string, any>; docId: string | SQL<unknown> | Placeholder<...>; ... 24 more ...; summaryIsAiGenerated?: boolean | ... 3 more ... | undefined; }[]'.
server/connectors/IMFConnector.ts(231,16): error TS2345: Argument of type '{ indicatorCode: string; indicatorName: string; value: string | null; date: Date; source: string; sourceUrl: string; country: string; countryCode: string; frequency: string; unit: string; metadata: string; updatedAt: Date; }' is not assignable to parameter of type '{ value?: string | SQL<unknown> | undefined; unit?: string | SQL<unknown> | undefined; date?: Date | SQL<unknown> | undefined; sourceId?: number | SQL<unknown> | undefined; indicatorCode?: string | ... 1 more ... | undefined; ... 6 more ...; datasetId?: number | ... 2 more ... | undefined; }'.
  Types of property 'value' are incompatible.
    Type 'string | null' is not assignable to type 'string | SQL<unknown> | undefined'.
      Type 'null' is not assignable to type 'string | SQL<unknown> | undefined'.
server/connectors/IMFConnector.ts(235,37): error TS2769: No overload matches this call.
  Overload 1 of 2, '(value: { value: string | SQL<unknown> | Placeholder<string, any>; unit: string | SQL<unknown> | Placeholder<string, any>; date: Date | SQL<unknown> | Placeholder<...>; ... 8 more ...; datasetId?: number | ... 3 more ... | undefined; }): MySqlInsertBase<...>', gave the following error.
    Type 'string' is not assignable to type 'number | SQL<unknown> | Placeholder<string, any> | undefined'.
  Overload 2 of 2, '(values: { value: string | SQL<unknown> | Placeholder<string, any>; unit: string | SQL<unknown> | Placeholder<string, any>; date: Date | SQL<unknown> | Placeholder<...>; ... 8 more ...; datasetId?: number | ... 3 more ... | undefined; }[]): MySqlInsertBase<...>', gave the following error.
    Object literal may only specify known properties, and 'createdAt' does not exist in type '{ value: string | SQL<unknown> | Placeholder<string, any>; unit: string | SQL<unknown> | Placeholder<string, any>; date: Date | SQL<unknown> | Placeholder<string, any>; ... 8 more ...; datasetId?: number | ... 3 more ... | undefined; }[]'.
server/connectors/IngestionOrchestrator.ts(79,33): error TS2802: Type 'string[] | Map<string, BaseConnector>' can only be iterated through when using the '--downlevelIteration' flag or with a '--target' of 'es2015' or higher.
server/connectors/IngestionOrchestrator.ts(150,33): error TS2802: Type 'string[] | Map<string, BaseConnector>' can only be iterated through when using the '--downlevelIteration' flag or with a '--target' of 'es2015' or higher.
server/connectors/IngestionOrchestrator.ts(184,33): error TS2802: Type 'string[] | Map<string, BaseConnector>' can only be iterated through when using the '--downlevelIteration' flag or with a '--target' of 'es2015' or higher.
server/connectors/IngestionOrchestrator.ts(328,33): error TS2802: Type 'Map<string, BaseConnector>' can only be iterated through when using the '--downlevelIteration' flag or with a '--target' of 'es2015' or higher.
server/connectors/UNAgenciesConnector.ts(173,41): error TS2345: Argument of type '{ indicatorCode: string; indicatorName: string; value: string | null; date: Date; source: string; sourceUrl: string; country: string; countryCode: string; frequency: string; unit: string; metadata: string; updatedAt: Date; }' is not assignable to parameter of type '{ value?: string | SQL<unknown> | undefined; unit?: string | SQL<unknown> | undefined; date?: Date | SQL<unknown> | undefined; sourceId?: number | SQL<unknown> | undefined; indicatorCode?: string | ... 1 more ... | undefined; ... 6 more ...; datasetId?: number | ... 2 more ... | undefined; }'.
  Types of property 'value' are incompatible.
    Type 'string | null' is not assignable to type 'string | SQL<unknown> | undefined'.
      Type 'null' is not assignable to type 'string | SQL<unknown> | undefined'.
server/connectors/UNAgenciesConnector.ts(176,37): error TS2769: No overload matches this call.
  Overload 1 of 2, '(value: { value: string | SQL<unknown> | Placeholder<string, any>; unit: string | SQL<unknown> | Placeholder<string, any>; date: Date | SQL<unknown> | Placeholder<...>; ... 8 more ...; datasetId?: number | ... 3 more ... | undefined; }): MySqlInsertBase<...>', gave the following error.
    Type 'string' is not assignable to type 'number | SQL<unknown> | Placeholder<string, any> | undefined'.
  Overload 2 of 2, '(values: { value: string | SQL<unknown> | Placeholder<string, any>; unit: string | SQL<unknown> | Placeholder<string, any>; date: Date | SQL<unknown> | Placeholder<...>; ... 8 more ...; datasetId?: number | ... 3 more ... | undefined; }[]): MySqlInsertBase<...>', gave the following error.
    Object literal may only specify known properties, and 'createdAt' does not exist in type '{ value: string | SQL<unknown> | Placeholder<string, any>; unit: string | SQL<unknown> | Placeholder<string, any>; date: Date | SQL<unknown> | Placeholder<string, any>; ... 8 more ...; datasetId?: number | ... 3 more ... | undefined; }[]'.
server/connectors/UNAgenciesConnector.ts(344,37): error TS2769: No overload matches this call.
  Overload 1 of 2, '(value: { value: string | SQL<unknown> | Placeholder<string, any>; unit: string | SQL<unknown> | Placeholder<string, any>; date: Date | SQL<unknown> | Placeholder<...>; ... 8 more ...; datasetId?: number | ... 3 more ... | undefined; }): MySqlInsertBase<...>', gave the following error.
    Type 'string' is not assignable to type 'number | SQL<unknown> | Placeholder<string, any> | undefined'.
142
